<?xml version="1.0" encoding="UTF-8"?>
<testsuite name="vithurzen.ServiceTest" tests="4" skipped="0" failures="0" errors="0" timestamp="2024-06-17T15:05:14" hostname="LAPTOP-K9OT17MS" time="0.093">
  <properties/>
  <testcase name="testAjouter()" classname="vithurzen.ServiceTest" time="0.067"/>
  <testcase name="testPrix()" classname="vithurzen.ServiceTest" time="0.001"/>
  <testcase name="testPrixIfInferieurA5()" classname="vithurzen.ServiceTest" time="0.001"/>
  <testcase name="testPrixIfNul()" classname="vithurzen.ServiceTest" time="0.013"/>
  <system-out><![CDATA[]]></system-out>
  <system-err><![CDATA[]]></system-err>
</testsuite>
