<?xml version="1.0" encoding="UTF-8"?>
<testsuite name="vithurzen.VoitureTest" tests="1" skipped="0" failures="0" errors="0" timestamp="2024-06-16T16:07:00" hostname="LAPTOP-K9OT17MS" time="0.008">
  <properties/>
  <testcase name="testVoiture()" classname="vithurzen.VoitureTest" time="0.008"/>
  <system-out><![CDATA[]]></system-out>
  <system-err><![CDATA[]]></system-err>
</testsuite>
